<?xml version="1.0" encoding="UTF-8"?>
<!-- Generated by org.testng.reporters.JUnitReportReporter -->
<testsuite skipped="0" hostname="LAPTOP-6RD8PM8O" name="testTitle.TestHomePge" tests="1" failures="0" timestamp="11 Jun 2019 23:11:44 GMT" time="8.224" errors="0">
  <testcase name="getTitle" time="8.224" classname="testTitle.TestHomePge"/>
</testsuite> <!-- testTitle.TestHomePge -->
